<?xml version="1.0" encoding="UTF-8"?>
<testng-results skipped="0" failed="0" ignored="1" total="4" passed="3">
  <reporter-output>
  </reporter-output>
  <suite name="Default suite" duration-ms="171" started-at="2019-11-17T20:18:31 IST" finished-at="2019-11-17T20:18:31 IST">
    <groups>
    </groups>
    <test name="Default test" duration-ms="171" started-at="2019-11-17T20:18:31 IST" finished-at="2019-11-17T20:18:31 IST">
      <class name="kumar11.selectingtest">
        <test-method status="PASS" signature="methodfour()[pri:0, instance:kumar11.selectingtest@49fc609f]" name="methodfour" duration-ms="20" started-at="2019-11-17T20:18:31 IST" finished-at="2019-11-17T20:18:31 IST">
          <reporter-output>
          </reporter-output>
        </test-method> <!-- methodfour -->
        <test-method status="PASS" signature="methodone()[pri:0, instance:kumar11.selectingtest@49fc609f]" name="methodone" duration-ms="2" started-at="2019-11-17T20:18:31 IST" finished-at="2019-11-17T20:18:31 IST">
          <reporter-output>
          </reporter-output>
        </test-method> <!-- methodone -->
        <test-method status="PASS" signature="methodtwo()[pri:0, instance:kumar11.selectingtest@49fc609f]" name="methodtwo" duration-ms="2" started-at="2019-11-17T20:18:31 IST" finished-at="2019-11-17T20:18:31 IST">
          <reporter-output>
          </reporter-output>
        </test-method> <!-- methodtwo -->
      </class> <!-- kumar11.selectingtest -->
    </test> <!-- Default test -->
  </suite> <!-- Default suite -->
</testng-results>
