<?xml version="1.0" encoding="UTF-8"?>
<!-- Generated by org.testng.reporters.JUnitXMLReporter -->
<testsuite hostname="praveenkumar" ignored="1" name="Default test" tests="3" failures="0" timestamp="2019-11-17T20:18:32 IST" time="0.171" errors="0">
  <testcase name="methodfour" time="0.02" classname="kumar11.selectingtest"/>
  <testcase name="methodone" time="0.002" classname="kumar11.selectingtest"/>
  <testcase name="methodtwo" time="0.002" classname="kumar11.selectingtest"/>
  <testcase name="methodthree" time="0.0" classname="kumar11.selectingtest">
    <ignored/>
  </testcase> <!-- methodthree -->
</testsuite> <!-- Default test -->
